\BOOKMARK [1][-]{section*.1}{\376\377\000D\000a\000y\000\040\0001}{}% 1
\BOOKMARK [2][-]{subsection*.2}{\376\377\000K\000u\000m\000m\000e\000r\000\040\000t\000e\000s\000t\000\040\000f\000o\000r\000\040\000c\000o\000n\000v\000e\000r\000g\000e\000n\000c\000e}{section*.1}% 2
\BOOKMARK [1][-]{section*.3}{\376\377\000D\000a\000y\000\040\0002}{}% 3
\BOOKMARK [2][-]{subsection*.4}{\376\377\000K\000u\000m\000m\000e\000r\000\040\000t\000e\000s\000t\000\040\000f\000o\000r\000\040\000d\000i\000v\000e\000r\000g\000e\000n\000c\000e}{section*.3}% 4
\BOOKMARK [2][-]{subsection*.5}{\376\377\000S\000a\000p\000a\000g\000o\000f\000\040\000t\000e\000s\000t}{section*.3}% 5
\BOOKMARK [1][-]{section*.6}{\376\377\000D\000a\000y\000\040\0003}{}% 6
\BOOKMARK [2][-]{subsection*.7}{\376\377\000I\000n\000e\000q\000u\000a\000i\000l\000t\000y\000\040\000a\000b\000o\000u\000t\000\040\000e}{section*.6}% 7
\BOOKMARK [1][-]{section*.8}{\376\377\000D\000a\000y\000\040\0004}{}% 8
\BOOKMARK [2][-]{subsection*.9}{\376\377\000R\000a\000b\000b\000e\000\040\000t\000e\000s\000t}{section*.8}% 9
\BOOKMARK [2][-]{subsection*.10}{\376\377\000B\000e\000r\000t\000r\000a\000n\000d\000\040\000t\000e\000s\000t}{section*.8}% 10
\BOOKMARK [1][-]{section*.11}{\376\377\000D\000a\000y\000\040\0005}{}% 11
\BOOKMARK [1][-]{section*.12}{\376\377\000D\000a\000y\000\040\0006}{}% 12
\BOOKMARK [2][-]{subsection*.13}{\376\377\000C\000o\000n\000t\000r\000a\000c\000t\000i\000o\000n\000\040\000m\000a\000p\000p\000i\000n\000g}{section*.12}% 13
\BOOKMARK [2][-]{subsection*.14}{\376\377\000S\000o\000m\000e\000\040\000i\000m\000p\000o\000r\000t\000a\000n\000t\000\040\000p\000r\000o\000p\000e\000r\000t\000i\000e\000s\000\040\000a\000b\000o\000u\000t\000\040\000e}{section*.12}% 14
\BOOKMARK [1][-]{section*.15}{\376\377\000D\000a\000y\000\040\0007}{}% 15
\BOOKMARK [2][-]{subsection*.16}{\376\377\000H\000e\000i\000n\000e\000-\000B\000o\000r\000e\000l\000\040\000T\000h\000e\000o\000r\000e\000m}{section*.15}% 16
\BOOKMARK [2][-]{subsection*.17}{\376\377\000D\000e\000f\000i\000n\000i\000t\000i\000o\000n\000s\000\040\000o\000f\000\040\000l\000i\000m\000i\000t\000\040\000o\000f\000\040\000f\000u\000n\000c\000t\000i\000o\000n\000s}{section*.15}% 17
\BOOKMARK [1][-]{section*.26}{\376\377\000D\000a\000y\000\040\0008}{}% 18
\BOOKMARK [2][-]{subsection*.27}{\376\377\000C\000a\000n\000t\000o\000r\000\040\000s\000e\000t}{section*.26}% 19
\BOOKMARK [1][-]{section*.28}{\376\377\000D\000a\000y\000\040\0009}{}% 20
\BOOKMARK [2][-]{subsection*.29}{\376\377\000G\000e\000n\000e\000r\000a\000l\000\040\000c\000o\000n\000t\000i\000n\000u\000i\000t\000y\000\040\000f\000o\000r\000\040\000a\000\040\000p\000o\000l\000y\000n\000o\000m\000i\000a\000l}{section*.28}% 21
\BOOKMARK [2][-]{subsection*.30}{\376\377\000C\000o\000m\000p\000o\000s\000i\000t\000i\000o\000n\000\040\000o\000f\000\040\000l\000i\000m\000i\000t\000s}{section*.28}% 22
\BOOKMARK [1][-]{section*.37}{\376\377\000D\000a\000y\000\040\0001\0000}{}% 23
\BOOKMARK [1][-]{section*.38}{\376\377\000D\000a\000y\000\040\0001\0001}{}% 24
\BOOKMARK [2][-]{subsection*.39}{\376\377\000A\000l\000t\000e\000r\000n\000a\000t\000i\000v\000e\000\040\000d\000e\000f\000i\000n\000i\000t\000i\000o\000n\000\040\000o\000f\000\040\000c\000l\000o\000s\000e\000d\000\040\000s\000e\000t\000s}{section*.38}% 25
\BOOKMARK [2][-]{subsection*.40}{\376\377\000C\000o\000m\000p\000a\000c\000t\000\040\000\046\000\040\000C\000l\000o\000s\000e\000d\000\040\000a\000n\000d\000\040\000B\000o\000u\000n\000d\000e\000d}{section*.38}% 26
\BOOKMARK [2][-]{subsection*.41}{\376\377\000E\000q\000u\000i\000v\000a\000l\000e\000n\000t\000\040\000d\000e\000f\000i\000n\000i\000t\000i\000o\000n\000s\000\040\000f\000o\000r\000\040\000C\000o\000m\000p\000a\000c\000t\000\040\000s\000e\000t\000s}{section*.38}% 27
\BOOKMARK [1][-]{section*.42}{\376\377\000S\000e\000v\000e\000r\000a\000l\000\040\000w\000a\000y\000s\000\040\000o\000f\000\040\000p\000r\000o\000v\000i\000n\000g\000\040\000B\000o\000l\000z\000a\000n\000o\000\040\000T\000h\000e\000o\000r\000e\000m}{}% 28
\BOOKMARK [2][-]{subsection*.43}{\376\377\000B\000o\000l\000z\000a\000n\000o\000\040\000T\000h\000e\000o\000r\000e\000m}{section*.42}% 29
\BOOKMARK [2][-]{subsection*.44}{\376\377\000N\000e\000s\000t\000e\000d\000\040\000I\000n\000t\000e\000r\000v\000a\000l\000s\000\040\000m\000e\000t\000h\000o\000d}{section*.42}% 30
\BOOKMARK [2][-]{subsection*.45}{\376\377\000H\000e\000i\000n\000e\000\040\000B\000o\000r\000e\000l\000\040\000m\000e\000t\000h\000o\000d}{section*.42}% 31
\BOOKMARK [1][-]{section*.46}{\376\377\000D\000a\000y\000\040\0001\0002}{}% 32
